500
0 2 7 76 79 84 116 139 148 183 199 205 238 259 321 352 412 420 427 447 450 569 650 719 732 745 761 780 838 843 847 925 935 979 1042 1058 1105 1117 1125 1134 1149 1216 1238 1252 1289 1299 1343 1348 1353 1383 1429 1454 1476 1496 1524 1534 1557 1571 1601 1625 1668 1670 1710 1731 1763 1774 1871 1956 1979 1984 2013 2058 2114 2121 2128 2155 2175 2182 2240 2264 2288 2322 2327 2340 2422 2437 2439 2480 2555 2615 2630 2643 2666 2685 2704 2790 2892 2904 2962 2986 3012 3023 3032 3074 3077 3103 3106 3111 3144 3158 3163 3316 3371 3376 3379 3427 3521 3543 3584 3586 3602 3728 3753 3758 3783 3830 3836 3877 3885 3894 3936 3982 4020 4027 4035 4071 4107 4129 4176 4199 4311 4314 4326 4340 4341 4352 4362 4377 4501 4527 4531 4624 4679 4728 4765 4786 4824 4855 4901 4909 4958 4985 5053 5064 5097 5099 5156 5219 5307 5322 5326 5340 5341 5386 5412 5437 5445 5507 5677 5715 5748 5762 5775 5788 5848 5862 5869 5880 5917 5962 6014 6020 6021 6030 6044 6049 6054 6082 6101 6134 6141 6153 6170 6258 6296 6327 6404 6458 6465 6467 6470 6482 6534 6537 6538 6547 6584 6611 6613 6635 6672 6692 6712 6778 6827 6920 6938 6967 6986 7001 7012 7055 7088 7120 7133 7153 7179 7219 7240 7285 7296 7413 7429 7438 7517 7545 7575 7652 7699 7709 7713 7732 7736 7751 7759 7762 7782 7791 7806 7852 7864 7874 7880 7883 7949 7968 7997 8005 8043 8069 8105 8116 8125 8130 8134 8140 8183 8193 8212 8284 8293 8387 8406 8431 8462 8470 8491 8495 8498 8618 8644 8671 8711 8716 8722 8812 8830 8832 8907 8910 8994 9007 9013 9023 9075 9086 9129 9139 9160 9197 9199 9224 9244 9265 9270 9299 9301 9404 9453 9483 9533 9545 9615 9669 9688 9731 9834 9842 9848 9852 9903 9930 9931 9968 9990
1 2 79 135 200 300 311 321 369 412 427 447 511 569 574 625 745 753 876 925 935 1083 1105 1121 1125 1134 1145 1256 1299 1358 1375 1401 1534 1625 1657 1668 1750 1752 1763 1784 1979 2052 2155 2240 2288 2340 2349 2407 2413 2414 2533 2555 2569 2595 2630 2643 2662 2699 2704 2768 2773 2892 2904 2943 2962 3004 3006 3012 3023 3043 3050 3074 3079 3113 3144 3146 3163 3261 3371 3376 3395 3521 3541 3543 3584 3700 3751 3758 3792 3827 3830 3877 3894 3936 3964 3981 4035 4060 4134 4151 4170 4176 4180 4222 4314 4326 4352 4377 4400 4531 4539 4558 4660 4664 4855 4901 4985 5038 5219 5248 5251 5307 5339 5446 5458 5643 5715 5748 5752 5762 5848 5880 5902 6014 6030 6049 6054 6101 6134 6161 6187 6216 6258 6270 6281 6306 6327 6360 6428 6458 6534 6538 6545 6547 6608 6613 6635 6672 6687 6737 6744 6778 6899 6938 7055 7105 7120 7133 7153 7193 7204 7234 7266 7285 7296 7413 7429 7438 7456 7575 7652 7699 7709 7713 7732 7762 7795 7845 7883 7902 7949 7992 8005 8043 8062 8068 8125 8134 8227 8248 8307 8343 8387 8396 8406 8431 8470 8487 8491 8599 8644 8711 8794 8841 8994 9007 9040 9043 9075 9107 9129 9138 9199 9224 9230 9244 9374 9443 9453 9461 9533 9545 9615 9659 9731 9842 9848 9968 9990
2 2 105 199 221 246 374 395 457 476 518 523 541 552 647 707 838 925 935 949 952 979 1091 1105 1134 1299 1429 1557 1560 1611 1956 1979 1984 2005 2109 2121 2136 2158 2192 2240 2346 2414 2475 2518 2555 2611 2790 2857 2875 2986 3012 3032 3103 3184 3285 3316 3377 3432 3468 3783 3784 3877 3894 3936 3982 4034 4045 4199 4286 4311 4314 4340 4345 4399 4463 4624 4664 4760 4765 4801 4923 4928 4948 4958 5003 5006 5029 5072 5248 5295 5401 5412 5445 5448 5451 5783 5848 5860 5862 5869 5899 6060 6067 6101 6369 6467 6492 6547 6611 6613 6621 6827 6855 7049 7153 7240 7267 7355 7429 7438 7481 7517 7519 7669 7699 7742 7759 7880 7899 7919 7949 7997 8005 8116 8121 8145 8209 8284 8332 8423 8428 8484 8528 8671 8812 8883 8920 9008 9036 9160 9178 9219 9265 9349 9444 9533 9545 9573 9677 9713 9955 9968
3 2 79 88 155 208 238 352 367 374 427 468 477 583 1139 1287 1353 1546 1571 1638 1670 1728 1774 1799 1934 1984 2019 2085 2183 2304 2327 2537 2555 2668 2670 2818 2858 2898 2979 2983 3012 3053 3077 3089 3103 3119 3144 3207 3240 3320 3363 3752 3757 3758 3836 3936 3958 3961 3982 4027 4079 4314 4341 4385 4423 4457 4501 4527 4531 4561 4619 4765 4901 5064 5072 5163 5304 5326 5340 5359 5412 5504 5507 5656 5677 5772 5880 5885 5921 6021 6029 6141 6153 6196 6258 6447 6465 6470 6537 6613 6692 6712 6778 6889 6922 6938 6967 6978 6986 7044 7077 7085 7153 7240 7379 7517 7629 7630 7699 7709 7790 7880 7883 7987 8005 8053 8116 8140 8212 8293 8495 8498 8609 8644 8663 8844 8896 8922 9007 9023 9299 9404 9573 9903 9930 9979
4 2 79 259 325 412 450 552 640 673 712 732 776 813 867 991 1025 1058 1105 1125 1246 1328 1343 1454 1552 1668 1710 1904 2100 2114 2150 2240 2260 2426 2486 2643 2673 2735 2870 3103 3104 3144 3251 3304 3432 3513 3533 3537 3630 3703 3869 3885 3914 3982 4134 4168 4180 4199 4234 4377 4437 4526 4787 4828 4855 4886 4909 4988 5386 5821 5898 6134 6269 6280 6458 6482 6528 6547 6671 6675 6676 6875 6982 7147 7206 7210 7213 7252 7439 7474 7569 7710 7736 8043 8116 8174 8193 8235 8269 8344 8566 8580 8685 8880 8910 8958 9003 9014 9040 9043 9215 9270 9301 9461 9607 9615 9659
5 46 79 135 188 250 321 545 557 650 782 847 850 1117 1145 1238 1339 1383 1391 1571 1580 1647 1822 1942 1956 1984 1986 2003 2013 2060 2288 2491 2538 2555 2589 2699 2704 2847 3106 3331 3371 3380 3507 3561 3720 3842 3926 3944 3950 4091 4093 4176 4317 4340 4350 4367 4501 4626 4679 4824 4967 4985 5111 5322 5341 5445 5715 5838 5869 5887 6044 6082 6095 6178 6424 6635 6698 7053 7180 7234 7289 7333 7367 7517 7586 7615 7652 7751 7756 7787 7992 8092 8104 8125 8462 8539 8600 8722 8728 8994 9013 9032 9086 9114 9120 9139 9197 9244 9260 9347 9354 9467 9551 9623 9933
6 2 7 90 108 133 183 205 399 523 652 921 925 951 1042 1043 1066 1195 1476 1496 1524 1752 1831 1868 1962 2064 2209 2345 2422 2615 2666 2679 3111 3232 3249 3395 3509 3521 3602 3731 3750 3783 3836 3905 3964 4004 4104 4107 4176 4230 4343 4728 4941 4962 4967 5063 5175 5194 5288 5483 5645 5758 5767 5964 6226 6236 6332 6347 6486 6487 6503 6550 6584 6630 6771 7029 7048 7088 7296 7413 7511 7771 7948 7950 7997 8134 8185 8293 8428 8445 8512 8601 8716 8848 9050 9139 9244 9465 9510 9518 9565 9709 9733 9991
7 2 7 84 148 267 496 755 1167 1498 1504 1534 1607 1790 1900 1934 1979 2128 2263 2288 2458 2615 2650 2662 2666 2732 2929 2986 3051 3061 3236 3781 3784 3792 3830 3835 3837 3932 4352 4765 4884 4957 5090 5193 5234 5397 5437 5457 5492 5547 5572 5966 5997 6067 6170 6250 6464 6534 6549 6584 6631 6797 6949 7013 7204 7320 7392 7434 7486 7519 7521 7688 7713 7922 7933 8134 8150 8345 8406 8439 8696 8711 8987 9083 9290 9443 9688 9758 9822 9970
8 2 116 177 425 443 550 560 774 843 1079 1149 1216 1289 1430 1515 1542 1657 1984 2001 2155 2555 2583 2707 3316 3521 3877 4442 4855 4907 5014 5033 5099 5462 5583 5871 6074 6115 6285 6331 6351 6385 6404 6413 6608 6699 6765 6785 6889 6903 7026 7087 7153 7162 7200 7285 7314 7361 7454 7459 7653 7732 7820 7852 8022 8043 8386 8431 8498 8507 8531 8687 8797 9004 9139 9191 9374 9398 9464 9533 9637 9640 9800 9947
9 2 30 376 527 663 860 937 1150 1223 1336 1505 1572 1642 1739 1979 1981 2155 2383 2555 2577 2651 2856 2983 2986 3012 3022 3243 3561 3597 3665 3841 4314 4356 4539 4639 4647 4717 4784 5014 5043 5072 5149 5155 5212 5446 5543 5553 5580 5636 5788 5810 5902 6073 6082 6100 6134 6178 6391 6534 6611 6712 6731 6827 7012 7050 7126 7198 7694 7732 7929 7997 8005 8078 8259 8618 8711 8858 9224 9545 9600 9654 9666 9842
10 105 427 454 475 828 910 979 1164 1479 1510 1512 1731 1736 1761 1763 2192 2264 2693 2810 2962 2970 3073 3111 3232 3453 3491 3664 3981 4108 4269 4752 4783 4824 4870 4890 4893 4901 5239 5339 5340 5654 5784 5849 6014 6075 6137 6187 6258 6292 6327 6369 6390 6588 6817 6945 7072 7254 7426 7481 7659 7698 7968 8130 8146 8233 8713 8830 8832 8887 8982 9138 9273 9669 9720 9777 9848
11 56 405 420 476 625 863 896 935 1137 1140 1206 1252 1601 2146 2274 2533 2774 2898 2932 3125 3326 3463 3513 3528 3753 4367 4402 4780 4884 4912 4965 5099 5112 5141 5401 5546 5660 5948 5993 6021 6139 6376 6454 6469 6534 6554 6739 6895 6920 6980 7216 7304 7755 7786 8055 8062 8157 8325 8418 8711 8716 8908 8922 9114 9139 9347 9480 9555 9646 9836
12 76 220 254 437 538 726 847 925 955 979 1256 1260 1305 1560 1950 2028 2109 2128 2155 2426 2569 2608 2704 2858 2900 2902 2978 3543 3673 3869 4011 4077 4286 4399 4418 5097 5349 5400 5458 5509 5548 5780 5862 5962 6054 6061 6281 6447 6460 6899 6946 7105 7456 7513 7568 7641 7732 7733 7744 7933 7968 7997 8068 8105 8188 8267 8375 8663 8756 8893 9050 9132 9436 9545 9580
13 269 332 397 557 660 691 838 901 1020 1105 1121 1153 1429 1562 1658 1734 1780 1979 2085 2760 2867 3032 3047 3203 3379 3427 3547 3723 3961 4341 4494 4507 4628 4843 4855 4959 5193 5383 5762 5917 6020 6099 6251 6681 6687 6734 6778 6836 7321 7606 7759 7762 7861 7956 8450 8841 8881 8994 9259 9351 9470 9898 9908 9940 9988
14 247 279 321 569 977 1348 1401 1524 1665 1858 2013 2074 2184 2404 2595 2704 2741 2752 2897 2958 3195 3303 3304 3320 3567 3602 3758 4056 4313 4401 4558 4619 4661 5005 5006 5219 5710 6001 6011 6030 6046 6196 6301 6306 6324 6453 6545 6833 6913 7057 7438 7545 7553 7788 7806 7842 7845 7932 8167 8210 8462 8690 8716 9007 9025 9137 9337 9496 9931 9955
15 7 207 372 447 476 675 761 1050 1293 1546 1555 1571 2554 2600 3102 3543 3675 3714 3795 3830 3937 4071 4302 4517 4749 5063 5211 5247 5500 5662 5702 5869 6063 6538 6748 7123 7280 7335 7349 7439 7481 7602 7833 7856 7895 8227 8686 8814 8931 9027 9031 9178 9425 9735 9795 9993
16 246 300 638 732 866 925 930 1157 1323 1364 1611 1898 1979 2058 2480 2513 2611 3081 3146 3190 3316 3377 3393 3408 3432 3505 3751 3823 4070 4107 4214 4786 4909 5064 5253 5277 5639 5961 6021 6070 6196 6428 6650 6669 6770 6778 7023 7165 7456 7485 7517 7713 7874 7880 7997 8008 8189 8193 8220 8462 8484 8733 8930 9010 9219 9244 9731 9979 9982
17 132 259 340 569 683 687 730 780 1396 1465 1495 1570 1702 1731 1979 2113 2203 2412 2533 2892 2927 2986 3064 3146 3354 3830 3885 3963 4170 4385 4504 4606 4765 5038 5072 5219 5848 5895 5917 6028 6071 6082 6270 6359 6652 6772 6778 6786 8060 8081 8169 8217 8257 8506 8599 8776 8883 9075 9144 9192 9211 9283 9586 9723 9989
18 200 695 718 935 952 1071 1081 1227 1583 1710 1770 2125 2171 2198 2212 2288 2439 2739 2876 3226 3380 3383 3543 3835 3883 4079 4348 4528 4567 4684 4801 5003 5239 5339 5477 5483 5996 6020 6141 6387 6509 6592 6635 6675 6790 6982 7142 7151 7423 7710 7864 7880 8150 8176 8932 9023 9075 9349 9478 9576
19 133 444 759 828 843 1110 1181 1560 1628 1904 2100 2240 2444 2603 2613 2652 2790 2817 3020 3079 3160 3172 3241 3362 3405 3504 3728 3914 3981 4068 4107 4378 5019 5104 5156 5474 5504 5704 6044 6188 6216 6400 6511 7101 8017 8125 8212 8599 8651 8663 8848 8904 8947 9215 9293 9467 9764
20 300 385 477 668 802 865 925 1923 1948 2485 2537 2617 2685 3005 3006 3093 3234 3343 3607 3684 4450 5030 5132 5270 5434 5443 5451 5857 5902 6326 6355 6744 6802 7049 7233 7419 7457 7474 7669 7880 7919 7997 8135 8150 8487 8539 8775 8816 9040 9216 9604 9807 9995
21 176 221 450 511 569 1085 1174 1292 1365 1852 2321 2409 2518 2565 2662 2892 2972 3049 3427 3493 3520 4354 4539 4728 5365 5471 5794 5826 5860 5917 6014 6415 6502 6538 6625 7026 7138 7153 7219 7243 7610 7652 7709 7725 7740 7751 7762 7782 8030 8049 8069 8363 8644 8722 8900 8907 9299 9380 9548 9579 9621 9704 9829
22 88 188 325 456 575 670 917 1123 1175 1557 1750 1833 1839 1846 2038 2057 2875 2951 3164 3653 4636 4822 5129 5245 5437 5604 5896 6153 6610 6909 7007 7068 7085 7290 7622 7664 8040 8111 8140 8579 8671 9265 9281 9299 9395 9669 9757 9806
23 295 367 712 1145 1405 1581 1711 1784 2239 2396 2413 2543 2598 2867 2983 3023 3092 3229 3434 3537 3541 3612 3681 3745 3752 3801 4107 4414 4705 5063 5698 5909 6611 6889 7183 7365 7630 7634 7683 7919 8092 8634 8812 8836 8844 8912 9260 9485 9573 9703 9965
24 110 183 218 232 647 650 934 937 1077 1791 1889 2740 3158 3262 3376 3820 4086 4359 4692 5122 5295 5445 5885 6054 6149 6528 6767 6810 7037 7064 7396 7410 7526 7570 7599 7659 7791 8218 8287 8649 8685 8841 8896 9169 9684 9775 9892
25 921 951 1176 1248 1287 1476 1850 1935 2030 2607 2842 3539 4134 4520 4526 4971 5232 5286 5609 5981 6261 6343 6347 6374 6487 6677 6750 6829 6859 6978 7163 7202 7278 7791 7984 8142 8256 8332 8491 8726 8831 8918 9522
26 183 776 783 950 1328 1383 1719 1737 1779 2209 2790 2846 2870 2892 3163 3285 3584 3651 3781 3865 4069 4626 4760 4951 5301 5815 5838 5899 6021 6196 6423 6437 6615 6961 6986 7038 7044 7240 7379 7476 7598 7749 8345 8787 8925 9248 9364 9463 9521 9594 9697 9837
27 469 551 625 857 993 1345 1498 1800 2209 2382 2791 3240 3285 3468 3545 3843 4020 4091 4385 4670 4804 4893 4928 4985 5166 5270 5389 5520 5797 5979 6254 6705 7167 7579 7790 7888 8058 8089 8681 8874 9206 9632 9816
28 75 131 221 673 703 1242 1276 1705 2247 2679 3104 3352 3465 3706 3753 3823 4260 4591 5069 5580 5674 5756 5762 5946 6049 6102 6327 6404 6499 6544 6611 6970 7039 7146 7179 7267 7852 8251 8307 8352 8439 9107 9428 9444 9645 9649 9652 9815 9933
29 220 227 541 569 834 871 1137 1554 1557 1963 2002 2139 2175 2866 3007 3032 3153 3225 3575 3914 3981 4107 4203 4377 4501 4695 4823 5054 5194 5607 5726 5752 5862 5880 6262 6537 6895 7438 7517 7542 7706 7960 7998 8015 8248 8570 8856 9181 9199 9332 9347
30 438 485 513 524 876 895 1329 1686 1916 1932 2176 2698 2760 2768 2895 4021 4232 5228 5254 5433 5525 5531 5605 5872 5899 5942 6020 6144 6451 6528 6676 6842 7082 7147 7811 8131 8414 9224 9299 9404 9414 9518 9990
31 141 208 252 719 756 794 1641 1950 2256 2260 2393 2607 2668 3230 3403 3541 3757 3870 4843 5138 5198 5387 5802 5995 6024 6062 6130 6201 6765 7206 7755 8195 8235 8342 8605 8609 8693 8841 8854 9299 9476
32 569 583 707 738 790 1043 1912 2028 2634 2773 2858 3064 3700 3704 3877 4027 4168 4362 4698 4970 5239 5413 5429 5661 5668 6226 6438 6492 6550 6717 6962 7056 7153 7252 7369 7509 7517 7806 8014 8455 8614 8986 9073 9325 9480 9487 9689
33 145 912 971 989 1439 1479 1538 1728 2696 2736 3044 3053 3101 3146 3379 4055 4107 4619 4658 5038 5335 5589 5846 5871 5992 6075 6137 6334 6362 6785 6889 7260 7266 7896 8068 8491 8532 8949 8990 9013 9205 9461 9633
34 22 79 239 310 1066 1141 1741 2085 2161 2426 2526 2856 3135 3238 3240 3319 3789 3895 4007 4407 4616 4912 4988 5064 5150 5304 5768 6161 6495 6643 6953 7180 7361 7607 7615 7652 7902 8106 8185 8441 8702 8934 9598 9659
35 272 286 478 709 793 820 1749 1762 2029 2892 3113 3456 3989 4066 4252 4531 4691 4719 4730 5052 5385 5390 5437 5783 5925 6285 6298 6445 6616 6889 7486 7949 8235 8780 9159 9640 9671
36 369 960 1031 2189 2611 2978 3275 3509 3582 3753 3841 4036 4311 4431 4834 4842 4880 5677 5702 5752 5795 6198 6244 6360 6391 6470 6863 7036 7053 7191 7318 7347 8306 8855 9089 9313 9608 9733 9885 9957
37 3 358 610 858 1091 1265 1319 1625 1740 1790 1868 1929 2052 2403 2818 2877 2902 3006 3249 3354 3707 3863 3944 4081 4106 4326 4442 4765 4913 5193 5216 5798 6020 6178 6336 6762 7629 7852 8104 8183 8221 8377 8628 8863 9299 9493 9600 9892
38 130 267 467 545 697 753 951 1354 1528 1796 2318 3073 3812 3923 3958 3981 4308 4350 4418 4429 4974 5288 5333 5359 5502 5656 5700 5921 5964 6305 6727 7078 7219 7280 7684 7696 8090 8193 8512 8776 9187 9260 9842 9887
39 7 447 527 625 872 1505 1613 1680 2121 2136 2156 2910 3117 3656 3665 4107 4324 4333 4399 4784 5062 5090 5224 5526 5889 5989 6320 6398 6555 6639 7055 7670 8008 8223 8552 8598 8927 8978 9160 9256
40 102 307 413 541 625 759 842 1238 1557 1607 1739 1940 2650 3089 3427 3476 3528 3576 3726 3942 4439 4784 5384 5451 5543 5660 6295 6354 6815 7040 7193 7285 7938 8418 8710 8973 9218 9385 9440 9573
41 139 177 708 731 802 1566 2340 2676 2806 2900 3174 3305 3637 4586 4622 5177 5467 5492 5503 5547 5964 6084 6129 6153 6351 6855 6955 8116 8176 8309 8362 8684 9435 9908 9936 9979
42 250 329 569 639 946 1295 1343 2123 2191 2489 2730 3052 3095 3268 3507 3970 4069 4107 5065 5258 5416 5737 6251 6257 6338 6409 6729 6771 7259 7367 7820 8121 8387 9003 9133 9261 9290 9677
43 10 792 1142 1414 1436 1524 2064 2147 2265 2327 2630 2892 3102 3498 3629 3630 3792 3830 4159 4470 4844 5171 5292 5316 5690 5748 5910 6798 6949 6967 7280 7752 8269 8405 8713 8920 9498 9593 9758 9777 9842
44 246 528 1535 2005 2578 2771 2783 3374 3454 3540 3553 3830 3882 3935 4212 4241 4667 4879 5053 5555 6281 6532 6817 6853 7525 8027 8109 8124 8268 8396 8883 8894 9026 9085 9499
45 352 527 585 638 1496 1524 1904 1905 1939 2010 2013 2232 2647 2745 3013 3377 3839 3909 3932 3981 4060 4294 4766 5097 5548 5656 5783 5793 5884 5901 5933 6467 6861 7135 7333 7759 8574 8693 8899 9191 9376 9496 9993
46 164 210 276 991 1868 1918 2342 2413 2670 2744 2873 3088 3308 3364 3425 3969 4178 4310 4437 4526 4966 5095 5251 5397 5775 6028 6063 6214 6292 6523 6739 7178 7602 8462 9208 9540
47 155 278 527 670 796 951 1164 1220 1289 1293 1585 1869 2019 2128 2182 2346 3227 3251 3376 3474 3814 4034 4507 4699 4709 4909 5715 5740 6260 6311 6683 7085 7771 7788 7795 7822 7861 8136 8815 9407 9565
48 427 714 798 1273 1601 1822 2240 2464 2480 2794 3072 3077 3727 3792 4037 4337 4486 4501 4866 4977 5194 5519 5777 5801 5982 6011 6170 6178 6528 6913 7447 7549 7806 7929 8078 8533 8593 9865
49 58 518 643 1241 1515 1546 1593 1997 2095 2223 2879 3797 4343 4645 4755 5341 5418 5483 5504 5639 5719 6391 6547 6808 7060 7199 7720 7736 7952 7971 8743 9043 9451 9780 9871
50 135 219 1106 1219 1396 1452 1987 2491 2653 2774 3061 3819 4156 4372 4444 4541 4886 4941 5085 5323 5980 6020 6377 6421 7425 8028 8371 8612 9144 9185 9409 9720 9751 9848
51 782 987 1260 1297 1449 2335 2392 2462 2512 2828 3080 3543 3718 4108 4627 4797 5103 6014 6048 6323 6551 6921 7833 8104 8270 8375 8618 8723 8748 8859 9311
52 90 182 457 463 1058 1095 1352 1721 1860 1937 2088 2692 2811 2857 2917 2929 3672 4063 4948 5143 5178 5185 5188 5548 5773 6869 7751 7977 8054 8726 8982 9464
53 648 676 829 1757 2305 2407 2412 2414 2792 3265 3708 3753 3784 3877 3916 4280 4670 4828 4855 4995 5373 5523 5771 6526 6891 7008 7221 7320 7604 7820 8300 8696 9238 9605 9713 9719 9918
54 336 944 1425 1579 2781 3513 3743 3981 4282 4345 4501 4574 4888 5362 5704 5907 5966 6460 6525 6851 7253 7431 7536 7673 8145 8294 9169 9609
55 285 640 663 719 1036 1101 1624 1917 2304 3278 4004 4093 4647 5045 5294 5747 6184 6186 6416 6434 7606 7657 7665 7742 7772 7868 8503 8554 8753 9619
56 321 399 1569 2275 2711 2721 2737 2784 2847 3377 3386 3700 4168 4647 4786 4945 4959 5307 5713 5867 6222 6385 6512 6623 6844 6867 6920 6931 7659 7688 7961 8663 9370 9637 9791 9955
57 151 352 420 569 843 1009 1042 1367 1387 1931 2165 2643 2938 3048 3393 3596 4033 4365 4612 4973 5465 5639 5742 5898 5964 6454 6662 6875 6880 6963 7545 8386 8782 8862 8935 8998 9465
58 606 686 1204 2014 2143 2608 2863 3159 3630 3670 3753 3950 4497 4529 4939 5322 5583 6053 6701 7050 7092 7314 7321 7936 7975 8223 8245 8392 8531 8566 8644 8698 8716 8908 8911
59 744 867 1496 1610 2307 2764 2790 2871 3827 4923 5003 5875 6022 6029 6330 6503 6567 7115 7759 7820 7912 7939 8307 8337 8428 8495 8838 8888 8907 9008 9271 9330 9582 9917
60 190 425 1130 1281 1380 2032 2513 2624 3188 3345 3557 3586 4035 4720 5053 5386 5408 5457 5482 5494 6669 6696 7026 7336 7367 8092 8234 8583 8729 9655 9930 9943
61 678 1040 1282 1299 1791 1845 2346 2518 2990 3603 3715 3811 4580 4847 5348 5501 5962 6458 6604 6673 7293 7364 7413 7481 7618 7728 7932 8081 8524 8580 8686 8770 9091 9233 9991
62 244 355 394 675 755 867 2892 3050 3821 3965 4054 4327 4342 5061 5329 6296 6587 6666 6671 6918 7069 7302 8939 8989 9071 9115 9523 9607
63 468 1083 1248 1423 1523 2633 3149 3184 3186 3409 3584 4234 4433 4771 4873 5088 5448 5566 5643 5783 6095 6143 6282 6403 6458 6491 6737 6898 7355 7807 7904 8130 8333 8658 8883 9323 9377 9901 9930
64 14 105 569 601 783 1112 1633 1799 2146 3219 3222 3231 3491 3547 3586 3889 4629 4727 5552 6166 7409 7569 8069 8074 8290 8451 8891 8980 9551 9745
65 238 770 1542 1877 1878 1986 2168 3666 3675 4633 4787 4798 4811 4824 5257 5825 5861 6163 6622 7350 7647 8125 8344 8522 8683 9014 9172 9563 9604 9755
66 225 643 901 1056 1075 1341 1348 1710 1978 2475 2892 3121 3297 3375 3679 3864 4788 4972 5117 5752 6292 6496 6765 7131 7454 7834 9425 9449 9758 9843
67 81 673 1059 1737 2263 2326 2465 2591 3111 3447 4170 5912 6292 6924 7200 7219 7276 7829 7851 7852 8087 8218 8340 8586 8793 9224 9576 9607 9635 9722
68 61 554 656 1534 2074 2292 2423 3199 3256 3496 3505 3581 3981 3987 4420 4626 5126 5192 5785 6359 6899 7141 8116 8284 9043 9055 9080 9443 9740 9777 9846 9961 9988
69 108 354 784 802 945 1310 1472 2070 3631 4170 4238 4416 4624 5440 5676 5839 6731 8486 8893 9197 9236 9255 9515 9711 9803 9834 9836 9878
70 523 1042 2150 2183 2203 2857 2979 3147 3269 3314 3657 3827 3853 4264 4537 5026 5922 7261 7351 7631 8052 8167 8231 8358 8572 8912 9391 9580
71 457 1044 1212 1521 1619 1962 1969 2121 2735 3383 3486 3590 3946 3961 4047 4129 4223 5030 5755 5866 5966 5981 5997 6473 6698 6991 8029 8652 8722
72 18 523 613 873 955 971 1176 2322 2787 3006 3056 3513 3755 4002 6218 6479 6680 6840 7239 7920 8331 8450 8580 8794 8922 9316 9602 9712
73 259 349 499 590 646 836 843 898 1154 1495 2810 3683 3836 4974 5054 5230 6074 6427 7169 7356 7541 7756 8581 8803 9065 9357 9692
74 13 930 979 1562 1731 1941 2458 2589 2597 2923 3173 3220 3831 4065 4134 5278 5655 5687 6014 6550 6650 6670 7116 7304 7569 8233 8700 8800 9048 9114 9637 9920
75 208 455 666 690 860 1920 2278 2483 2773 2855 3154 3441 3802 3982 5163 5318 5406 5459 6015 6747 6980 7399 7970 7987 8150 8361 8456 8807 9433 9742
76 284 1150 1615 1638 1773 2939 3254 3552 3665 3699 4216 4546 4805 5254 5730 5800 6321 6385 6954 6982 7153 7289 7610 8981 9295 9731 9965 9968
77 126 496 787 896 1471 2107 2155 2376 2741 2746 2994 3025 3379 4400 4843 4965 5240 5391 5679 5818 6539 6702 6744 6925 6928 9004 9580 9997
78 111 255 332 616 729 1169 1259 1933 1942 1981 2344 2345 2412 2577 3043 3064 3798 4572 4697 4946 6155 6676 7291 7537 8044 8708 9364 9442
79 365 502 569 699 774 1004 1644 2690 3032 3074 3243 4199 4286 4985 5442 5793 5913 6044 6189 6809 7933 8146 8209 8325 8425 8824 8878 9312 9583 9677
80 33 254 379 574 603 654 1019 1831 2112 2797 3101 3497 4224 4971 5326 5409 5855 5860 6250 6619 6967 7788 8168 8313 8442 8499 9315 9436
81 622 1132 1218 1971 2422 2542 2677 3232 3312 3981 4277 4397 5060 5172 5659 6060 6100 7435 7622 7751 8056 9005 9047 9116 9244 9349 9352 9505 9933
82 44 545 1647 2164 2750 3225 3530 3555 4057 4150 4494 5762 6417 6653 7136 7373 8179 8183 8319 8453 8790 8885 9302 9581
83 200 420 465 1290 1531 1574 1685 2198 2752 3363 3588 4095 4401 4437 4651 5212 6084 6283 6369 6413 6578 6865 7902 8156 8254 8493 8881 9087 9138 9667 9697
84 82 569 921 1208 1665 2343 2476 2505 2580 2911 3255 3897 4249 4596 6148 6370 6447 6484 6566 6651 6681 7004 7474 8512 8928 9132
85 72 88 437 1377 1798 1953 2298 2570 3817 3905 4505 4531 4641 5248 5407 5780 5897 6020 6193 6627 6691 6914 7155 7948 8031 8140 8406
86 273 501 722 1332 1491 1651 2302 2962 3128 5104 5810 5834 5904 6020 6406 6482 7105 7965 8077 8188 8252 8516 9109 9124 9533 9838
87 56 116 716 804 1209 2003 2016 3098 3110 3163 4923 5112 5468 5520 5813 6103 6415 6487 6941 6952 7185 7280 7708 8282 8388 8601 8688 9013 9831
88 283 767 843 1775 2202 2320 2496 2894 3320 3535 4610 5067 5124 5386 5536 6197 6285 6827 7041 7045 7069 7737 7949 8508 8789
89 264 1122 1192 1301 1807 1859 2175 2474 2643 3023 3284 3290 3766 4123 4299 4569 5182 5334 5981 6234 6465 8145 8562 9045 9075 9224
90 366 700 1097 2066 2568 3612 3820 4056 4285 4997 5615 6014 6274 6734 6860 8062 8133 8461 8473 8491 9066 9162 9548
91 164 374 889 1267 1366 1781 1916 2158 2544 3178 3270 3408 3956 4281 5443 5547 6752 6999 7280 7452 8403 9317 9398 9721
92 734 956 1043 1058 1478 1682 1752 1786 2650 2674 2968 3022 3100 4092 4361 4584 5621 7280 8008 8578 8632 9014 9253 9259 9837
93 175 1051 1611 2898 3114 3417 3772 3804 4188 4527 5330 5738 5821 5966 6092 6490 7754 7787 8170 8445 8754 9032 9197 9986
94 521 910 1049 1145 1306 2433 2604 2639 2895 3111 3233 3307 3429 4916 4954 5218 5466 5816 7568 7692 8014 8055 8130 9874
95 1147 1164 2060 2072 2884 2938 2943 3036 3330 3331 3781 3916 4787 5430 5728 6087 6423 6470 7012 7023 7448 7467 7489 7556 8224 9270 9348 9804
96 116 269 955 1195 1666 1761 1930 2340 2603 2982 3004 4607 4857 4984 5661 6388 6507 6743 6773 6915 7170 9273 9569 9787 9991
97 254 372 765 863 1077 2865 3066 3432 3610 3669 3964 4253 4784 4786 4983 5043 5097 5658 5670 5678 6070 6408 6652 8714 9510 9798
98 101 174 609 752 883 1255 1841 1924 2966 3748 4071 4350 4358 4660 4691 5082 5214 6099 6938 7075 7160 8203 8239 8702
99 168 188 1086 1464 3015 4100 4102 4245 4385 4614 4929 5003 5358 5698 6051 6594 7177 8480 8920 9021 9607 9716 9830
100 482 541 642 1066 1156 1276 1736 1835 2454 3004 3494 3541 4210 4317 5038 5044 5831 6519 6984 7885 7902 8220 8350 8538 8947 9003
101 257 279 915 1060 1287 1542 2008 2127 3005 3355 4752 4832 5390 5840 6414 6608 6770 7336 7681 7740 7859 9010 9805
102 122 123 569 1133 1183 1449 1533 1769 2321 2355 3261 5505 5703 6303 6324 6712 7347 7802 7978 8756 8784 8822 8938
103 505 732 981 1327 1457 2729 3079 4527 4693 4925 5534 5666 6175 6178 6810 7643 7719 7855 8663 8765 8852 8910 9149
104 564 1855 3164 3241 3267 3702 3963 4389 5141 6140 6195 6530 7400 7616 8068 8114 8286 8556 8571 8810 9904
105 219 494 557 1083 1479 1826 2319 2325 3020 3120 4021 4179 4352 4491 4526 5732 6656 7337 7597 7739 8030 8677 8794 9094 9368 9786 9933
106 157 489 523 1032 1608 1686 1871 1950 2767 3876 3958 4068 4077 4117 4468 6057 6374 6486 6768 7054 7090 8174 8267 8780 9501 9600 9746 9842
107 118 253 684 1580 1606 1959 2101 2486 2630 3313 3326 3495 3813 4602 4937 5355 5693 6946 7086 7154 9676
108 467 2123 2401 2601 2617 2906 3263 3545 3697 4110 4226 4548 5515 5632 6034 6126 6838 6895 7747 7780 8081 8455 8848 8858 9075 9398
109 167 172 176 178 742 1463 2190 2431 2446 3165 4070 4199 4455 4785 5454 6178 6696 6960 7101 9043 9268 9400 9750
110 281 477 674 882 1174 1247 2182 2753 2798 2954 3054 3736 3885 4300 4963 5109 5277 5467 5477 5643 5895 6631 7216 7513 8392 8549 9301 9404
111 2416 2885 3234 3479 3836 3841 4043 4162 4677 5151 5565 5716 5735 6191 6356 6674 7000 7055 7077 7335 7775 8776 8967 9374
112 135 733 783 835 1145 1256 1264 2559 3762 4464 5131 5161 5507 5645 5950 6042 6178 6387 7180 8004 8304 8532 9260 9453 9681 9789
113 211 454 759 2299 3117 3776 4199 4313 5030 5268 5587 5623 5656 6112 6476 6973 7484 7572 8582 8870 9252 9528
114 88 427 511 1072 1227 1884 2185 2404 2662 2946 3381 3395 3562 4803 4905 6554 6615 6618 6672 7108 7240 7811 9056 9063 9717
115 234 441 2411 2693 3111 3729 3894 4171 4462 5343 5770 5775 6105 6230 6978 6996 7212 7316 7769 7796 8307 8345 8465 8880 9623
116 362 638 771 1256 1661 2149 2698 2917 3174 3379 3673 3758 3871 4214 4254 4418 4635 5029 5108 6412 6547 7133 7560 8105 8452 8478 8488 8894 9003 9688 9731
117 345 578 786 1303 1528 1956 3134 3356 3545 4340 4349 4628 4799 5441 6584 7563 7733 8414 8658 8936 9264 9404 9608
118 687 874 1363 1375 2463 2682 3998 4027 4039 4780 4898 5868 6029 6367 6695 6883 7367 8343 8686 9015 9107 9174 9583 9657
119 815 843 966 1098 1101 1697 1868 2929 3416 3751 3950 4079 4133 4813 5005 5304 6523 6979 7615 7694 7811 7821 8236 8523 8722 8832 9970
120 243 400 487 551 1233 1370 2432 2577 3089 3095 3856 4193 4705 4878 5063 5271 5500 8172 8419 8766 9384
121 287 997 1296 1628 1834 2128 2349 2516 3806 4819 5105 5356 5401 5896 6560 7030 7143 8151 8338 8829 9709
122 410 478 626 1137 1167 1806 1904 2001 2116 2569 2697 2774 3099 4013 4583 5567 7040 7110 7486 9507 9606 9820
123 136 673 1124 1330 1335 1794 1981 2030 2611 2673 3533 3747 4192 4243 4528 4636 4821 5110 5302 5752 5998 8360 9254
124 137 324 402 719 1567 1631 2201 3349 3865 4080 4774 5186 5247 5784 6225 6685 7153 8071 8260 8580 8842 9040
125 667 933 1734 1776 1793 2540 2551 2699 5206 5630 6736 6893 7071 7233 8722 9194 9230 9668 9861
126 75 861 1140 1141 1381 1430 1445 2189 2466 3008 3496 3707 4134 4739 4777 5269 5386 5961 6381 6391 6738 6758 8105 8243 8267 8837
127 159 1694 1789 3463 3510 4173 4726 5145 5911 5996 6365 7210 7267 7889 8242 8373 8579 9359 9858
128 343 353 529 1064 2294 2452 3089 4463 4843 5156 5189 5241 5715 6011 6401 6765 6895 7027 7637 7899 8712 9164 9187 9235 9374
129 34 238 671 1678 1847 1980 2978 3566 4845 5125 5871 5993 6362 6718 7173 8308 8320 8853 9638
130 247 304 519 652 964 1246 1501 1809 2071 2844 3343 3783 5086 5863 6438 7127 8484 8905 9324 9911 9994
131 439 1586 1696 1964 2111 2732 3648 3808 3842 4015 4258 4840 4941 5688 5724 6083 6625 7786 9338
132 2926 3046 3326 3460 3515 3894 3936 5351 5367 6436 6477 6598 6669 7095 8154 8719 8798 9362 9957 9995
133 271 417 523 949 1220 2286 2424 3007 3086 3414 3491 3549 3865 4222 4544 4714 4924 5033 5234 5286 5451 7034 7044 7861 8103 9083
134 84 105 132 647 895 952 1356 1426 1535 2013 2052 2524 3705 3818 3842 4199 4886 5651 5768 6040 6478 7254 7521 7781 8067 8592 8733 8889
135 1134 1369 1680 2393 3024 3259 3508 4449 4511 4707 4801 4815 5064 5429 5497 6881 7018 7881 7950 8636 9558 9807
136 713 1118 1205 2342 2586 3049 3144 3681 5293 5413 5494 5708 5894 5995 6261 6968 7068 8699 9135 9341 9430
137 6 39 83 183 1923 2248 2651 2988 3485 4148 4575 5541 5746 6640 7059 7476 8150 8969 9205 9521 9822 9898
138 1185 1206 1315 1351 1848 1867 2194 3215 4078 4680 4858 6060 6104 6302 6416 6576 9463 9538 9876
139 246 427 760 965 1139 2979 3146 3244 3836 3910 4369 4644 4901 4975 5379 6355 6538 7463 8036 8313 8416 8966 9723 9829
140 90 296 719 842 1034 1042 1705 2000 2795 2951 5280 5628 5966 6468 6817 6834 7611 7955 8042 8844 8887
141 77 1042 1262 1504 2062 2660 2698 3580 3584 3967 4382 4669 5368 5402 6313 6633 7788 7848 8021 8491 9029
142 624 1216 1429 2692 4040 4257 4702 4783 4831 5149 5162 5696 6032 6248 6603 7405 7980 8600 8744 9130
143 376 837 1084 2612 2896 3146 3415 4029 4704 4733 5715 6937 7320 7331 7485 7641 7762 8530 9152 9335 9848
144 474 1581 2545 2712 3102 3789 4271 4766 5156 6067 6089 6139 6190 6843 6875 7369 7675 7841 8037 9741 9807
145 112 134 1016 1829 2327 2731 3109 3538 4522 5180 6499 7024 7063 7410 8069 8097 8713 8985 9096 9435 9481
146 517 548 1307 1345 1611 2191 3129 3157 3901 4561 4844 5304 6168 6174 6485 7085 7205 7477 7779 7806 7815 8512 8673 9042 9050 9483
147 215 267 303 575 685 719 755 881 1263 1722 2589 3021 3092 3563 4104 4742 4816 4844 4890 6812 7568 8139
148 1041 2077 2266 2403 2532 2615 2965 4269 4481 4836 5224 6101 6300 6724 6787 6795 7765 7938 8040 8102 8531 9043 9431 9968
149 715 1470 1868 2546 2640 2782 3745 4218 4294 6254 6358 6717 7197 8111 8119 8573 8736 9283 9309 9930
150 332 1373 2616 3032 3243 3999 4302 4566 5308 5514 6133 6617 6774 7496 8968 9075 9615 9656 9921 9953
151 367 1471 2341 2549 2909 3003 3865 4320 5564 5962 6124 6636 6964 7617 8095 8535 9188
152 822 901 916 1007 1242 1360 2117 2144 3016 4326 6001 6849 6997 7038 7329 7550 8134 8279 8670 8830
153 115 268 1091 1675 3167 3880 4347 5164 5385 6077 6364 7508 7894 8205 8302 8365 8423
154 438 697 2047 2539 3035 4126 4180 4391 5458 5836 6086 6213 7473 7677 7698 7767 8927 9186 9347
155 790 900 928 2413 3172 4307 5557 5695 5751 6429 6506 6993 8131 8429 8659 9141 9199 9392
156 425 819 1305 1353 1623 1901 2713 3509 3835 4051 4151 4289 5135 5953 7178 7192 7457 7613 8263
157 2288 2842 2882 3101 3106 4556 4944 5804 6267 6945 7156 7629 7752 8148 8610 8959 8970 9636
158 311 1708 1888 1892 1992 2389 2681 4565 5175 5301 5352 5758 6389 7072 7930 7949 8410 8762 9219
159 212 2747 2837 3081 3116 3151 3634 3638 5260 5317 6059 6347 6456 6712 7893 8375 8502 8931 8995
160 538 929 1642 1745 2085 2391 3087 4311 4317 4938 5096 6045 7093 7244 8025 8427 9710 9728
161 69 546 820 866 1050 2358 2978 5228 5244 5647 5743 6829 7048 7087 7137 7979 7989 7991 8230 9942
162 600 2872 3428 3717 3751 6154 6709 6728 6919 6992 7652 7770 8570 8939 9262 9374 9543 9602 9733
163 780 1413 1966 3642 4741 4787 4842 5350 5593 5871 6945 6953 7117 7344 7736 7789 8084 8977 9200 9292 9908
164 202 813 1368 1515 1739 2218 3176 3696 3926 4020 4295 4493 4737 5259 8464 8848 9034 9416 9912
165 299 507 560 699 1213 1299 1752 2295 2842 2992 3707 3714 4793 5027 5413 5494 5737 6188 6459 6630 7247 7972 8121 8336 9600
166 1972 2155 2211 2239 2887 3836 4719 5652 5668 6214 6266 6693 6777 7634 7641 7858 8180 8662 8934 9153
167 463 1477 3336 3836 4411 4549 4649 4674 5682 6449 7142 7228 7575 7921 8529 9036 9337
168 446 731 1907 2135 2160 2234 3451 4213 5043 5369 5444 5870 6895 7056 7256 8533
169 152 388 860 1898 2339 2384 2728 2883 3506 5248 6541 6767 7372 7423 7749 8214 8247 8830 9270 9408
170 5 96 985 1159 1317 1441 1934 2468 5143 5607 6526 6897 7099 7490 8058 8235 8514 9041 9515
171 872 880 1864 1935 2552 4053 4478 5581 5721 5777 5787 5948 6588 7367 7393 7499 8743 9533 9734 9964
172 1179 1587 1935 2096 2244 2562 3731 4379 4514 4908 5905 7006 7419 8062 8163 9086 9241 9279
173 43 834 2013 2186 2353 3391 3684 3704 4442 5200 5817 6326 6418 7895 7946 8062 8604 8734 8773 9030
174 535 960 2788 3141 3493 3661 4232 4402 4501 4807 6521 6922 6940 7629 8057 8964 9175 9369 9555 9887 9938
175 1181 1366 1451 2085 2105 2279 2465 2565 4084 4731 5637 5710 6216 6270 6469 6970 7716 7720 8137 9230 9852
176 1364 1695 1985 2323 2925 2933 3314 3524 3997 4230 4242 4532 7709 8098 8275 8947 9751
177 135 238 267 782 1025 1231 1865 2097 2369 2799 3537 4027 4352 4564 4851 5156 5386 6802 6862 7753 7790 8589 8634 8639 8935 9296
178 203 1402 1849 2598 2752 2990 3153 3723 3823 4573 4974 5525 6223 6421 7432 8622 9101 9176 9845
179 738 1452 1668 1800 1960 2417 3474 4671 5609 5923 6647 7025 7278 7670 8238 8722 8930 9163 9592 9645 9930
180 66 553 559 1538 2050 3458 3565 3609 5132 5558 6170 6509 7039 7461 7626 8706 8747
181 719 1026 1746 1876 2037 2215 2550 5300 5671 6176 6800 7013 7442 7500 9511 9770 9971
182 150 170 631 787 2797 3291 3522 3687 3840 5543 6360 6385 6961 7434 7451 7903 8693 9004
183 571 969 1785 2262 2817 3579 4087 4106 4778 5479 5973 6287 6295 6945 7386 8212 9182 9955
184 712 718 1394 1749 1880 2437 3084 3145 3190 4730 5388 6205 6582 6810 7410 7860 8555 9086 9202 9775
185 233 732 1310 1354 1389 3096 3210 3309 3392 4244 4950 4988 5446 5772 6280 6770 7513 7922 8630 8975 9840
186 395 488 823 2456 2961 3119 3331 3343 3814 4345 4977 5223 5638 7262 7459 8809 9070 9637 9689 9708 9757
187 640 719 2136 2171 3319 3751 3885 4045 4168 4284 4475 4487 4589 4909 5957 6236 6772 6790 7209 7323 7951 9090 9293 9376 9383 9425 9735
188 662 777 1552 2449 2692 4027 4744 4837 6192 6360 6981 7293 7929 8445 8564 9336 9684 9707 9802
189 917 1123 1387 1481 1873 2973 2998 3509 3728 5098 5461 6393 6896 7044 7162 7367 7969 8060 8362 8367 8539 9144
190 139 325 408 751 878 2491 3089 3316 3461 3703 4420 4802 5396 5726 7574 7691 8298 9010 9102 9795 9821
191 110 120 592 712 1085 1429 1934 2366 2499 2820 2890 3662 3707 3975 4026 5481 6677 6888 7367 8017 9428
192 550 1081 1647 1866 2313 2324 3831 4154 4293 5584 5596 6946 6990 7204 7566 8518 9666
193 475 1344 2445 3481 3691 4474 4613 4882 5342 5417 5438 5597 6030 8738 9169
194 166 272 526 1272 2308 3380 4300 4559 5009 5153 6014 6046 6116 6173 7213 8157 8188 8505 9173 9842
195 860 1289 1550 1788 2932 3337 4531 5019 5034 6122 6692 6986 7082 7161 7179 7553 7707 7713 7993 8227 8257 8709 9026 9069 9305
196 205 1412 1805 3303 3327 3666 4256 4571 4712 4903 5022 6028 6123 7077 7353 7367 8177 8296
197 117 301 773 1627 2197 2635 3156 3937 5185 6161 6352 6486 7504 7884 8181 8329 9129
198 140 514 637 991 1411 1461 1465 2005 2164 2827 2910 5097 5264 5893 6256 6717 7252 7639 9285
199 1003 1400 1536 1556 1917 2543 3135 4145 4743 5106 7606 7721 7883 8189 8552 9833 9932
200 220 542 758 1095 1337 1874 1973 4086 4306 4501 4893 5101 6334 6543 6903 7079 7579 7582 9004
201 545 1277 1607 1851 2299 3707 4266 5450 6030 6986 7203 7347 7633 9027 9432 9467 9691 9809 9939
202 707 1067 1454 1579 2016 2927 3348 3523 4211 4513 4534 4855 5386 6025 6570 7444 8843 9732
203 503 512 2519 3344 3354 4501 5068 5156 7383 8061 8113 8117 8528 9198 9438 9618 9867
204 138 270 862 953 1105 1340 1646 1934 1944 2269 3113 3865 4132 5433 5456 6967 7564 9460 9703 9741
205 390 2152 2176 2808 3368 3555 3721 3991 4457 5401 6555 7065 7207 8876 9303 9675
206 1397 3453 4591 6241 6346 6595 7276 7862 8129 8481 9051 9185 9736 9945
207 142 633 1674 1750 1924 2227 3732 3777 4147 4199 5569 6808 7482 7672 8390
208 71 812 854 2177 2655 2985 3832 5201 5406 5654 6759 7325 8012 8711 9349 9379 9555 9843
209 663 820 908 1328 1570 2055 3620 3742 3946 4324 4604 5006 5119 5466 5572 6942 8605 9805 9954
210 169 1017 1958 2013 2680 3254 3568 4551 4562 4923 4933 5040 5113 6722 6945 7241
211 286 1107 1994 2346 2422 2860 3411 3990 4274 5560 5795 6101 6827 7227 7629 7984 9044 9075
212 165 1055 1931 3884 4393 5078 5333 5477 5929 6425 6659 7369 7590 7826 9349 9449
213 26 295 1408 2199 2206 2611 3386 3470 3976 4913 5035 5580 5920 6635 7561 7601 8009 8961
214 871 926 1256 1560 1896 2342 3058 3394 3853 4415 5183 5295 5802 6237 7579 7683 7777 8732
215 330 789 2184 2745 4198 4253 4567 5375 5399 5554 5909 6825 7252 7628 8598 9167 9349 9367
216 183 788 829 1092 1129 2329 4160 4228 4654 5287 7668 8848 8864 9211 9412 9753
217 730 1814 2293 2590 2670 3290 3665 4330 4710 4808 4886 5592 5857 6030 6305 6705 7036 7351 7621 8724
218 309 411 641 1127 2120 2515 3397 4176 5313 6440 8019 8720 9825 9970
219 1237 1260 1934 2958 4309 4752 4906 6011 6038 6131 6309 6331 8027 8175 8701 9239 9470
220 135 744 976 1711 2255 2333 5275 5796 6010 6035 7151 7593 7773 8758 9178
221 207 326 532 1226 1955 2406 3276 4687 5062 7562 7599 7663 7733 8309 8661 8932
222 851 1117 1658 2237 3318 3754 3877 4175 5187 5869 6454 6614 7260 7610 7679 7837 8423 8672 9616 9842
223 666 1905 1988 2179 2903 3286 3365 3582 5331 5921 7904 8198 8289 8797 9144 9306
224 206 472 759 1299 1702 2017 2271 2871 5321 5754 6014 6616 7831 9327 9535 9872 9961
225 250 331 358 850 1741 2222 2661 2709 3195 3362 4648 5986 6014 7036 7310 8195 8418 8593 8925 9207
226 76 605 1052 1197 2003 2408 3468 5885 6375 7009 7413 7487 7605 8008 8249 9610 9968
227 32 782 1657 1738 2252 2438 3529 3989 4949 6409 6482 6565 7233 7284 7598 8466 8548 9181 9238
228 220 492 1948 2481 2627 3586 4907 5400 6000 6549 7363 7396 7585 8123 8442 8580 8594 9495 9523 9576 9713
229 728 1010 1105 1110 1311 1380 2806 3623 4296 5553 5910 5989 6516 6975 7120 7281 7554 8919 9160 9627
230 782 1489 1590 2740 3276 3862 4081 4517 5433 6018 6789 7133 7607 7680 8210 8440 9120 9300 9565 9646
231 950 1289 1314 1336 1395 1839 2210 2785 2833 3032 3431 4871 6662 7395 7581 8278
232 1120 1323 1528 2657 3060 3504 4099 4169 4364 4647 5941 6692 6863 6908 7042 7686
233 235 1957 3866 5023 5522 5890 7577 8460 8471 8519 8715 9111 9886
234 30 1838 2049 2141 3857 4782 4974 5156 5649 5928 7586 7702 8768 9993
235 1492 1789 2115 2554 2576 3666 4692 4721 6216 6867 7028 7629 7819 8653 9530 9755
236 240 522 1607 2947 3305 4077 4900 5002 5338 6323 6855 6905 7213 7591 7771 8987 9005 9470
237 104 193 866 983 1080 2231 2531 3032 3977 4236 5065 6735 7342 9667 9862
238 427 504 691 1112 1230 1343 1962 2018 3004 3148 3554 3984 6608 7854 7967 8051 8078 9411 9621
239 100 232 1178 2683 2868 4028 5115 5345 5393 5395 6581 7126 8501
240 1522 3807 4127 5679 5810 5983 6145 7389 7501 7746 8477 9245 9372 9405
241 54 552 904 2036 3322 4501 4591 5502 6203 6324 6494 7391 7481 8046 8204 8660 8967 9984
242 583 686 1919 2232 2615 3214 3616 4421 5149 5458 6687 6741 6900 7697 8265 8400 8495 9344
243 689 1048 1952 2496 2553 2698 2867 3231 4917 5572 8197 8310 8881 9628 9832 9935
244 214 496 779 934 1491 2228 4926 5169 6373 6831 7029 7684 8022 8461 9738 9868
245 1639 2240 2701 3913 4453 4935 5043 6641 6962 7551 7829 8033 8431 8507 8998 9409 9624
246 948 1607 1640 1683 1750 2365 2375 2421 2583 3567 3907 4333 5578 5895 6933 8425 9549 9604
247 427 523 1407 1622 1963 2802 3268 3875 4176 4396 4948 5340 5962 6518 6621 6801 7469 7530 7545 7657 8245 8894 9565
248 28 497 521 1669 2644 2652 2735 3103 3251 3425 3641 3756 4407 4795 5674 5906 7272 7290
249 389 1271 2169 3241 3845 4177 5449 5491 6457 6467 6631 8250 9559
250 260 1177 1428 1903 2897 3034 3111 3114 3572 4763 4989 6221 6336 6935 7289 8085 9928
251 291 748 1452 1715 2936 3160 3935 5031 5580 5634 7200 7896 8666 9674 9781
252 451 1469 1961 2128 2331 4237 4898 5553 5969 6918 7169 7170 7379 7693 8252 9351 9761
253 63 396 838 973 1119 2034 3629 3677 3679 5767 5866 6321 6445 6934 7545 8008 8106 8585 9025 9992
254 413 1039 1761 1937 2187 3859 4010 4272 4397 5664 6150 7361 7429 7845 8676 8900 9340
255 323 490 567 2412 3202 3222 3528 3863 4967 5622 5799 8457 8515 9414 9494 9704
256 866 1342 1763 2079 2292 2920 4209 4375 6327 7235 7457 8295 8448 9480 9595 9650
257 51 675 701 1186 1548 3069 3433 3739 4025 6347 6676 6748 7472 7641 7960 8169 8445 8470 9032 9591 9794
258 493 560 1444 2676 3207 3473 4317 4957 5195 5631 5856 7792 7808 8251 8441 8982
259 3047 3081 3536 3750 3925 4541 4625 5179 5827 7734 7996 8958 9145 9309 9611
260 2204 2462 2752 3710 3948 4423 5164 5605 6005 7324 7849 8615 8850 9275 9293 9789
261 739 1877 2687 2939 3690 4302 4913 5215 5913 6472 7001 7422 8191 9014 9295 9474 9869
262 431 1889 2390 3193 4991 5042 5127 5199 5908 6503 6628 6771 8421 8795 9215
263 139 376 475 597 676 726 2807 3080 3880 5825 6201 6573 6706 6799 6805 7511 8526 8705
264 757 893 1529 1743 2730 4567 4686 5617 6065 8287 8649 9566 9697
265 223 987 1756 1920 3017 3152 3651 5054 5142 5501 6699 7981 8147 8167 8200 9097
266 1632 3189 4027 4311 5494 5517 5843 5981 6099 6186 6229 6348 6461 7408 8282 9381 9896
267 130 310 945 1564 2873 2902 3093 3525 4757 5041 5069 5744 6602 6615 6727 8248 9223 9388 9947
268 737 1191 1908 2010 3683 4033 4865 5824 6100 6978 7795 7901 8391 8948 9660
269 1555 2057 2335 3292 3652 4602 4891 5103 5134 5415 5876 6041 6074 6500 6544 7033 8352
270 163 555 1149 1607 2290 3115 3858 5176 5441 6453 7813 8890 8951 9132 9839
271 113 380 1164 1398 2125 3061 5219 6058 7202 7385 7503 8986 9077 9261 9443 9491 9873
272 540 1025 1036 1782 3015 3398 3457 5075 5280 5446 7164 7183 7338 7654 8899 9646
273 55 238 1690 2614 3802 4507 4993 5685 5895 6448 6688 7238 9424 9883
274 293 753 937 1339 2538 2898 4027 4403 4433 5962 6110 6113 6232 6466 7397 7715 8168 8469 8580 9178 9661
275 1061 1201 2737 2981 3356 3393 3446 3821 4404 5607 5977 6487 6716 7254 8562 8792 8834
276 25 2377 2529 3048 3213 4140 4835 5347 5865 5903 5921 7382 7439 8183 8646
277 1364 1377 1765 1948 2771 3023 4036 5020 5980 6667 7650 7687 8171 8491 8674 9783
278 1534 1772 3560 3722 4224 4294 4579 5439 5978 6941 6956 7769 8668 9448 9841
279 2019 2669 3071 4203 6462 7237 7381 7714 8376 9171 9426 9485
280 725 914 1607 1879 3122 5704 5889 6157 7407 7442 8234 8463 9567 9771
281 661 698 2175 2662 3044 3105 3719 3783 4577 4666 6852 7064 7536 8447 8752 9946
282 310 888 1780 2288 3422 4914 5309 5689 5833 5849 6019 6696 6873 7198 7596 8259 8624 9467
283 360 1144 1787 2167 2878 3810 5538 5873 6498 8474 9517
284 1168 1810 2480 2537 2907 3079 3169 5814 5951 6249 6793 7632 9087 9498 9720
285 199 1752 3775 4031 4672 5335 6160 6185 7083 8297 8327 8574 8764 9191
286 206 1645 1720 1763 1799 2599 3441 3905 4557 4752 5349 5692 7043 7509 7974 8628 9284 9480
287 3 128 297 406 1717 2621 3165 3602 4450 4928 4942 5964 6224 6376 6817 7312 7547 9885
288 199 577 1236 1434 2137 2485 2649 3178 4240 5170 5478 5985 6002 7570 8503 9075
289 602 936 1572 1596 2007 2158 2774 2934 2986 3790 7180 7665 8476 8997 9701 9866
290 1566 2839 2908 3296 3959 4219 5152 6084 7604 7800 8030 8157 8256 8418 9772
291 300 545 648 1204 1414 1565 2212 2226 2640 3408 4191 4626 5810 6125 6290 6780 7968 8314 8990 9060
292 9 598 977 1393 1579 1930 3689 4489 5428 5899 6341 7096 7745 8907 9125 9190
293 2803 3437 3573 3813 4325 6586 7251 8186 8217 9386 9436 9682
294 133 328 485 993 1425 1512 1840 2600 2809 3847 5922 7656 8444 8582 8761 9318
295 617 1424 1846 2999 3852 4178 4692 5458 5543 6410 6648 7174 9484 9835
296 660 707 887 1843 1904 2318 2496 3682 4736 5504 6289 6379 6837 7822 9347 9906
297 316 367 1198 1253 1832 2346 2595 3234 3860 3904 5845 6938 6949 8345 8490 8579 9527 9649
298 830 836 992 3240 4592 4869 5431 5589 5997 6424 6619 8434 8612 8855 9115
299 1310 1839 2100 2537 3373 4199 4343 4520 5848 6076 7275 7909 8937 9129 9526 9904 9926
300 137 405 456 1779 2212 3260 3900 4812 4960 5074 5117 6281 6387 7455 7971 8228 9119 9654 9969
301 724 1297 1667 1871 2059 2534 3625 5801 6062 6884 7627 7664 7890 8870
302 23 842 2415 4136 5520 6212 6337 7226 7361 7507 7846 8368 9019
303 756 1148 1724 2027 2103 3325 4491 5343 5654 5762 5815 6608 7513 7636 7807 7836 9168
304 1429 2121 2214 2289 3680 4166 5612 6574 6875 6923 7221 8110 8836 9104 9255 9461
305 2043 2398 2643 2917 3207 3553 3621 4893 5418 5645 5877 5993 6052 7647 8804 8823 9698
306 78 718 1160 1182 1656 2393 2805 3490 5266 5661 7243 8045 8083 8402
307 368 2093 2191 2319 2732 3532 3837 5055 6115 6742 7243 7602 8264 8406 8882 9585
308 1234 1623 2476 4096 4456 5370 6321 6363 7689 8953 8954 9028
309 41 1087 1292 4709 5207 5245 5421 5600 5713 5962 6094 6871 7114 8750
310 688 1943 3053 3083 3242 3518 4728 5157 7533 7624 8932 9450
311 558 817 943 1093 2051 2061 3445 3801 3950 4791 4990 6347 9743
312 196 210 374 421 574 1343 2143 2638 2822 4035 4448 4662 5129 6433 7730
313 53 2182 2209 2327 2399 2628 2692 2867 3137 5556 5734 5872 5979 7924 8341 9643
314 399 2270 3110 3341 4432 4853 5011 5080 5203 6798 8146 8362 8478 9124 9545
315 76 792 805 1455 1980 2070 2232 3331 3992 6939 7292 7568 8107 8405 8433 9206 9459
316 1261 1933 2815 3132 3194 3468 4956 5483 5788 7892 8190 9818 9848
317 195 250 1650 2113 2987 4883 4976 5326 6143 6225 6400 6936 7406 9778 9991
318 1540 2031 2195 2495 2536 4234 4703 6426 7289 8635 9355 9664
319 3307 3873 5107 5219 6044 6219 6556 7682 9393 9519 9679 9857
320 798 1539 1606 2718 3211 3233 3872 4928 5367 5972 7341 7956 8324 9950
321 319 2052 2613 2685 2796 3323 4112 4504 4920 5535 7118 7426 8144 9678
322 332 1579 1652 2207 2717 3064 4413 4792 5992 8496 9146 9342 9577 9988
323 1045 1309 1916 2467 2979 3021 3028 3064 3166 4482 5437 7559 8914 9462
324 1347 1482 2272 2893 3678 3846 4155 4691 4735 8746
325 312 2373 2578 2708 2915 2918 4074 4521 6889 7232 8708 9483 9830
326 1162 1410 1582 1817 3334 3983 6698 7436 7920 8351 9823
327 608 787 1859 1982 2864 2952 5323 6200 6635 6661 6762 7318 7567 8999
328 296 705 1541 1723 3869 3943 4529 4854 5282 7671 7743 8591 8784 9436
329 238 1784 2033 2157 3092 3298 3659 4820 5004 7443 8277 9187 9534
330 352 1808 2099 2418 2429 3020 3203 4086 4459 5432 5790 7217 8693 9035 9293
331 640 2156 2235 2444 2804 2917 3501 4066 5947 5948 6211 8346 8608 8906 9804
332 604 774 1105 1422 2924 3329 3418 4814 4931 5233 5303 6210 7086
333 24 36 483 2118 3255 4037 4044 4955 5028 5643 6291 6497 7266
334 1442 1893 2102 2350 2707 5240 5787 5797 6351 7732 8143 8158 8587 8686 8946 9947
335 1432 1552 2246 2755 2850 3385 3985 5659 6075 6325 6707
336 449 1083 1561 2124 3009 3795 3823 5228 7206 7288 7506 8093 8443 9942
337 501 666 868 1157 2618 2986 3050 3238 3493 3606 4232 4512 4746 5543 5838 6642 8742 8988 9273
338 2238 2651 2781 4569 4708 4727 6151 6510 6599 6617 6959 7135 7864 9739 9884
339 695 2863 3338 3374 3686 4327 6753 7474 7676 7810 8141 8174 8301 9692
340 545 1188 2725 2769 3578 3600 4060 5504 6983 7415 8142 9046 9295 9466
341 139 486 655 665 1466 1663 3250 5706 5742 5895 5902 6901 8364
342 718 1150 1633 2029 2526 4587 4849 4999 5764 5900 6730 7775 8392 9747
343 713 1376 1815 2634 3230 3593 3941 4884 5017 6892 6955 7641 9156 9500 9615
344 182 393 1503 2314 3767 4531 4633 5936 6610 7824 8431 9358 9918
345 106 238 3127 3155 3405 3757 4319 6149 6459 6826 6917 6922 7116 7433 7875 7965 9014
346 131 164 1445 1728 2285 3208 3888 5120 5154 6480 6572 7486 8053 8854 9598
347 2349 3409 3410 3926 4220 4278 4716 5250 7253 8845 8898 8986 9366 9496 9632
348 435 738 778 816 1071 1192 1440 1617 3046 3631 4690 5962 6583 7828
349 423 440 927 1020 1244 1419 2464 3144 5276 5609 6695 8483 9089 9580
350 3482 3527 3650 4336 4706 4767 5230 5826 6347 7313 8041 8534 8614 8871
351 177 356 1473 2297 2757 3352 3994 4781 4852 5962 6949 8680 8840 9351 9622 9640
352 947 2317 3082 3764 4346 5401 7157 7258 9123 9183 9353
353 441 1821 4986 5163 6271 7254 7666 8003 8196 8241 8408 9217 9248
354 1361 1390 2283 2834 3360 3986 4152 5939 7188 8065 8759 9291
355 766 970 1798 2696 3161 3174 3280 4081 5737 6729 8511 8815 9039 9325 9716
356 783 1588 2488 4224 5160 5283 6263 6785 7194 7839 8543 8952
357 804 1730 2472 3002 3741 6577 6819 7925 8605 8618 9195 9476 9826
358 1014 2434 2930 3364 6821 6849 7558 7817 8212 8569 8655 9859
359 129 267 1224 1981 3825 3895 6085 6250 6839 8013 8122 9177 9304 9653
360 174 931 1241 1654 2014 2453 2626 4047 4689 4875 5563 5934 8468 9212
361 1453 3282 3498 3914 4386 4646 7159 7309 7887 8821 9977
362 1742 2937 2969 3158 3748 4563 5005 5346 6099 8005 8159 8912 9067 9730
363 755 1250 3192 3469 4206 4542 5258 5981 6073 6538 7020 7049 7651 7801 7880
364 38 1138 2085 2594 2943 2960 3232 4334 4412 4668 5572 7703 8813 9319 9666 9800
365 1019 2211 2881 3109 3232 3262 3547 3643 7516 8004 8916 8978 9541 9807
366 139 1225 3277 3803 3902 4962 5897 6119 6310 6354 7368 7868 7899 8386 9706
367 630 2041 3031 3574 4612 6829 7249 8781 8994 9232 9586 9850
368 52 551 2440 3633 4921 5705 5852 6198 7718 8043 8320 9422
369 18 154 415 2212 2579 5050 5089 6063 6209 8312 8831 8897 9819
370 149 1598 3320 4697 6088 6239 6914 7362 8698 9266 9401 9702 9811
371 133 842 1616 2996 3297 4159 4210 4533 4915 5030 6977 7358 8071 8145 9557
372 1978 2359 3530 3553 4161 4372 4801 5559 5864 6620 8259 8733 9584
373 22 241 1196 2605 2761 3293 5740 5858 7138 7609 8459 8601
374 884 1207 2026 2249 3655 6264 6532 7022 7653 8753 8989 8996
375 265 1079 2935 4771 5683 5781 6608 6609 6850 9062 9161
376 239 861 1370 2301 3195 3995 4490 6331 6989 7104 7454 8118 9959
377 2002 2571 3883 3946 4180 4517 5209 5552 7134 7240 8357 8601 8716 9096 9387 9793 9798 9847
378 683 1000 1828 2451 5374 6163 6357 6557 6809 6970 7369 7486 7983 8935
379 1067 2508 2922 3108 3331 4280 5198 6102 6168 6853 6926 8344 8506 8757 8904 9162 9759
380 243 735 1065 1619 2608 4121 4688 5445 6174 6539 6666 8272 8751 8827 8941
381 227 348 581 1180 1607 1911 3660 4409 4588 5895 6050 6061 8867
382 1063 1319 1562 3038 3106 3972 4537 4590 4591 4745 6024 6890 6947 7744 7964 9133 9713
383 191 229 1111 1853 2368 2869 3388 4151 4431 6036 6717
384 126 702 774 781 891 1103 2816 3285 5013 6347 6465 7354 7447 8554 9403
385 952 1341 1834 2166 2872 3064 5949 6329 6725 7552 8374 9225
386 480 1459 1609 1813 3345 3383 3864 4071 4080 5534 5543 6286 6610 7340 8533 9264
387 794 2205 3781 3820 4553 4639 5680 5784 6177 7201 8389 8405 8432
388 3355 4632 4761 4809 5349 6003 6528 6807 7907 9093 9529
389 60 621 667 677 1939 3526 4766 6861 7248 7295 9468
390 1112 2206 3515 3918 5220 5532 5709 7204 7976 8055 8153 8995 9298
391 94 305 545 2092 2460 2739 3794 4923 5245 6117 6250 7062 8803 8991
392 2596 3550 4940 5168 5366 6453 7074 7123 7449 8453 8559 9512
393 809 856 2522 3036 3540 3920 4024 4089 4441 4982 5248 5544 7037
394 591 988 1215 2256 2792 2990 3833 4304 4510 5435 5582 7294 9038
395 658 1199 2859 3138 3675 3742 4042 4434 6231 7642 8131 8309
396 517 1801 2274 2315 2648 4796 6100 6316 6558 7614 8796 9282
397 1247 1265 2420 2486 2602 3075 3215 3516 3521 3771 5044 8489 9881 9943
398 355 1190 1252 2904 3996 3999 5255 5340 5896 6242 7301 7498 8866 9603
399 80 1583 2422 4740 4793 5408 5528 5645 6774 6891 6902 7172 7659 7835 7874 8030 8685 9829
400 1371 1472 1516 1580 1778 2539 2852 3520 5772 6164 7355 7585 8315 9380
401 1037 1595 2129 4004 5483 5485 5635 5943 8253 9578 9844 9986
402 750 1391 2722 2766 3822 4723 5902 6463 6531 6886 9216 9227
403 710 978 984 1831 2278 3966 4144 4750 5608 7041 7495 9330
404 67 949 1679 2209 3004 3613 3805 6086 6608 6715 6916 7032 8050 8164 8887
405 45 2560 2566 2645 4032 5595 7029 7557 7962 8811
406 2245 2770 2840 2889 3651 4082 4547 5053 5503 6344 8135 8921 9976
407 696 1357 1435 1686 2865 3045 4880 5783 7741 7865 8361
408 1932 3051 3581 3716 5070 5583 6404 7857 8000 8372 8643 8851 8924 8985
409 1025 1508 1534 1914 3219 4259 4647 4847 5077 6296 6514 7299 7357 7531 7975 8089 8686
410 457 915 958 996 1925 2332 2668 3735 4797 5660 5979 7014 8103 9989
411 190 921 1116 2100 3104 3635 5052 5270 5433 5471 6711 6764 6931 7314 8513 9705 9827 9848
412 707 1514 3042 3763 4062 4153 5311 5433 6360 7377 7510 8349
413 462 768 2048 2116 3548 3597 4870 5330 6865 7075 7678 8776 8908 9247 9418
414 278 2258 3173 4717 4838 5177 6397 6606 7306 8678 9314 9371
415 721 1349 2376 2651 2663 3041 4197 4342 5737 5875 6504 7955 9116
416 351 2716 2957 3264 3500 4762 6312 6349 6511 9487
417 1113 1698 2838 3887 3939 4189 6474 6692 6836 7213 7332 8086
418 547 593 1102 1125 4225 4252 5866 5926 7543 8055 9937
419 398 941 1389 1637 2078 2402 3183 3575 3679 4004 4312 4828 5360 9113
420 640 1104 1752 1852 2134 2647 2835 3664 4187 4438 6144 8005 8366 8631 8686 9545
421 2777 2959 3249 3274 5490 6021 6162 6766 6980 7638 7844 8030
422 347 1634 1691 1979 2723 2894 4464 5005 5049 6320 6733 7153 9286 9562
423 634 906 1109 1900 2233 3097 4306 6447 6515 6547 6587 6710 7021 7684
424 340 510 2886 3014 3553 6382 6615 8010 8155 8957
425 357 2277 2501 4176 4488 4860 5226 6186 6879 6913 7366 8894 8925 9712
426 216 2933 3025 3027 3434 3489 4665 5019 5891 6644 7090 8976 9025
427 1270 1337 1693 3452 3486 4368 4892 7583 8202 8839
428 17 412 583 1379 2121 2188 2855 3366 7370 8371 8527 9236 9402 9685
429 849 3496 3894 4957 6233 6912 7274 7720 8111 8581 9237 9280 9900
430 666 687 767 1028 1754 1890 2254 4647 5265 5763 6700 8597
431 762 799 1363 2028 3215 3945 4472 5440 6694 6776 8208
432 644 692 1353 1401 2264 2575 5842 6403 7314 7327 7886 8828 9537 9904
433 58 1605 2220 3140 3744 5217 5924 9049 9110 9877 9944
434 14 797 1421 1989 3937 4480 4502 5601 5730 6386 6580
435 338 678 802 1194 1202 4896 5882 6280 7166 7458 8456 8731 9806
436 404 4128 4388 4419 5048 5242 5348 5587 6130 6568 9568
437 295 1760 2812 3467 3508 4176 5126 5237 6136 6680 6705 7031 8580 9532
438 29 434 1146 1446 1672 1681 2192 2494 3404 4664 9179
439 21 924 954 1287 2024 2972 3496 4904 6100 6257 7091 7372 8418 9655 9836
440 1559 1593 2148 2162 3828 3950 5512 5831 6654 7291 7998 8355 8446 9025
441 369 427 1047 1614 2173 2416 3184 5030 5803 6181 7478 7771 8060 8788 8860 9640 9982
442 939 1306 1774 3269 3694 3755 5798 6262 7053 8018 8557 8613 9018 9356
443 1091 1399 2895 3799 4050 4068 5296 5746 6166 6481 6505 7302 9196
444 524 769 1574 2823 3066 4135 4315 7307 7392 7623 7902 7919 8411
445 442 1288 1298 1499 1581 2310 2452 3342 5636 5915 6269 7776
446 19 714 727 4008 4116 4628 5506 6863 7634 8215 8217 8728 9902 9931
447 1279 1577 1763 1945 2275 3099 3382 3554 3759 8130 9582 9694
448 2497 3130 4469 4538 5508 7414 8011 8492
449 27 580 2979 3737 4783 5400 5769 6452 7988 8266 8348 8611
450 236 1053 1301 1468 2337 2902 4181 6487 6564 8064 8628 9313
451 1346 1655 2006 2236 2705 3147 6091 6775 7659 8401 9461 9683
452 226 883 1734 1757 2142 2208 2225 3288 3510 4389 5796 7409 8829 9001
453 1339 1668 2500 3106 3423 4290 5530 6283 6749 7048 7534 7945 9889
454 364 639 874 1296 1774 2471 2874 3909 4360 4486 6299 6402 6770
455 897 1123 2503 4643 4660 5030 5288 6324 7122 7148 7323 7544 7956 9310 9492
456 1240 1647 1662 2307 3235 3746 4359 4684 5419 5658 6147 7269 7565
457 1912 5594 6227 6598 7870 8797 8895 9011 9206 9423 9564
458 141 2607 2712 4677 5383 5572 6785 6803 7017 7270 8029 8173 8290 9357 9763 9918
459 397 713 1035 1330 1602 2511 3011 3281 3512 6302 6627 7254 8803 9137 9871
460 1169 4182 4276 5196 5236 5888 6467 6966 7467 7797 8388 8748 9399
461 381 1308 1345 4056 4229 4500 5007 5573 6390 7180 7428 8879
462 535 839 1058 2004 3479 3728 4597 7220 8207 8449 8740 8942
463 114 487 491 2087 2871 4416 4841 6204 6479 6594 7230 8717
464 827 2530 4245 4435 4776 5493 6867 7141 7804 8689 9834
465 65 720 1431 3592 3814 4586 5327 5778 6670 7186
466 700 1280 3488 3502 3549 3697 4402 5008 5561 7268 7537 8091
467 372 382 1002 2080 2447 3271 3557 4328 5739 7755 8494
468 919 1232 1439 2856 3350 4077 4497 4971 5995 6146 6238 6331 6492 6795 6944 7121
469 200 3711 3843 4734 5437 5442 5572 5913 7005 7215 7602 8625 8702 9457
470 250 2361 3059 3727 4443 5342 5457 5673 6507 8052 9016 9413 9589
471 1121 1998 2065 2212 2480 2984 3713 4073 4341 6221 6646 8139
472 42 523 1823 1992 2666 3671 3700 3949 4802 5263 8088 9579 9788
473 443 528 647 732 826 1527 1721 2870 4623 5533 6276 7182 7758 8782 9271 9960
474 1415 5056 6129 6187 7352 7399 7587 8048 9057 9184 9606
475 694 1802 3795 3993 5918 6007 6064 6445 6522 9231
476 466 545 1626 3796 4953 5723 6135 6818 7150 9008 9521
477 264 755 1294 4760 5082 5286 5841 5990 6165 6294 6394 7599 8242
478 326 793 810 1458 1927 2490 2677 4076 4095 5365 6752 7054 8183
479 64 755 1747 2458 2734 2764 2982 4094 5059 5470 5553 6275 7695 8714
480 213 740 1090 2798 3375 4323 7439 7722 7985 8521 8531 8858
481 66 76 736 1954 3012 3850 3891 5272 5398 7488 9076
482 1678 1770 2387 3135 3336 5130 6519 6840 7816 7995 8707 8741
483 1740 3693 4271 5779 6483 6708 7640 8211 8329 8335 9547 9940
484 1136 1295 4705 5093 5643 5813 5945 7452 8595 8645 9012 9478 9765
485 349 520 2273 4200 5874 7061 8162 8438 9042 9331
486 761 1753 2379 4552 5663 5799 6175 7187 7647 8560 8846
487 448 879 2098 2469 3032 4167 5299 5436 7082 7511 8620
488 244 285 2037 2629 2866 4349 5462 5761 6347 6624 7616 7917 8603 9193
489 469 676 1391 1490 2685 3253 3393 4036 5524 6746 7246 7418 7432 8136 8316 9252
490 137 1228 1358 1736 1923 1999 2394 2568 2800 4779 4818 8808 9192
491 2427 2510 2651 4063 4699 4908 5211 5657 6311 6951 7277 9112 9440
492 3182 3838 3969 4496 5147 5261 5484 7630 8561 9862
493 75 133 525 1012 2994 3386 4047 4888 5381 5872 6882 6894 9576 9644
494 111 563 1716 2284 3602 3976 4097 5749 6655 7359
495 811 1282 1542 2140 3740 4528 5511 5854 6781 6958 9108
496 1275 1443 1591 1767 1780 2067 2176 3637 4002 4332 4356 4798 8621
497 2470 2749 4468 5298 6396 7097 7748 7943 8599 9784
498 171 379 2396 2715 4594 5509 6878 7152 8520 9151
499 1766 3276 4625 5010 6692 7154 7298 7615 7867 8170 8305 8756 8787 9000
