100
0 2 16 19 21 24 76 81 134 161 168 173 207 217 222 244 273 433 447 499 635 651 1130 1407 1593 2517 2657 2942 4138 5350 8733
1 11 21 22 31 64 65 75 82 111 127 189 203 216 225 323 725 762 769 902 1011 1264 1412 1429 1566 1728 2187 2295 2479 2980 3843 6238 6408 8601
2 5 6 9 14 22 23 33 53 63 70 159 198 200 213 246 288 334 383 508 597 725 788 966 1224 1417 1728 1989 2410 2420 3586 4606 4705 4847 6237 8783 9234
3 14 35 42 88 123 186 235 259 272 297 316 344 419 471 476 483 529 646 836 1074 1752 1909 1959 2239 3236 4164 5221 6012 6137 7718 7970 8973 9957
4 1 6 11 13 15 17 21 25 27 32 35 39 45 46 50 70 101 107 109 124 131 233 567 1042 1156 1271 1438 1948 1959
5 1 2 6 11 12 13 16 19 24 27 31 35 36 37 44 47 68 69 83 86 101 109 129 140 147 186 227 249 380 393 1199 2587 4724
6 6 8 9 10 11 13 22 24 25 26 28 35 38 43 47 62 63 69 75 80 107 109 111 142 145 146 162 186 209 286 394 512 1935
7 0 2 4 7 15 17 19 36 39 42 46 55 59 60 61 68 84 97 104 114 133 139 164 184 228 281 327 338 374 445 644 654 663 2477
8 3 6 9 10 20 24 25 28 40 47 51 54 56 63 66 73 76 102 107 128 131 154 167 170 191 223 250 256 288 659 807 848 948 1754
9 3 20 29 37 40 41 54 66 68 73 99 121 125 141 147 161 170 179 253 257 364 447 475 585 590 715 906 1054 2360 4630 8444 8948
10 0 18 19 29 30 53 54 57 60 79 91 119 120 133 170 173 229 308 375 511 514 519 779 891 1623 1843 1863 1956 2132 2195 2706 3689
11 0 2 5 14 16 18 23 30 41 42 48 67 68 79 106 120 133 170 211 229 239 244 296 310 384 397 418 498 868 951 1601 4025
12 1 8 11 12 13 21 26 27 49 50 66 71 85 87 94 99 105 107 119 120 163 168 187 280 328 406 434 469 1027 1080 1936
13 2 7 17 18 22 42 55 56 60 77 79 102 143 169 189 213 251 322 335 337 506 608 632 701 750 796 2128 3813 7593
14 2 18 22 56 60 130 169 189 192 202 213 245 267 322 393 421 506 632 678 701 750 796 879 979 1082 1481 1973 2128 2688 3813 7593
15 15 28 34 42 55 59 62 66 76 85 93 94 96 150 178 199 210 247 318 346 428 435 454 510 665 759 1710 3900 4278 5893
16 3 6 7 8 13 14 19 20 21 23 24 25 47 58 60 64 67 90 92 95 100 117 151 160 173 245 248 277 527 1503 6044
17 1 3 9 13 26 30 32 34 35 38 43 51 66 91 92 93 97 104 115 123 180 237 288 293 331 339 422 425 756 1137
18 3 19 20 29 30 31 37 40 41 50 54 60 66 68 73 92 97 99 105 112 121 125 141 147 161 170 179 253 257 447 715 906 1456
19 8 11 15 43 83 105 114 130 135 148 156 180 209 217 232 264 272 301 309 332 402 554 645 830 861 960 975 1000 1150 1506 1663 1865 2882 3458 7971
20 1 4 7 18 30 32 41 43 45 50 53 60 65 72 84 88 89 92 97 105 126 135 142 151 179 221 240 261 283 286 546 815 950
21 8 31 38 44 48 56 59 67 69 78 81 82 88 95 115 122 123 130 139 158 174 187 217 219 226 238 293 338 544 656 676 938 1756
22 1 10 28 35 45 49 51 54 63 71 73 89 118 121 128 143 153 154 185 224 246 270 290 303 349 456 490 807 1097 1866
23 4 6 8 15 20 24 27 37 40 46 47 52 55 60 62 70 72 76 100 124 132 158 187 194 248 324 399 412 1866 2473 6126
24 1 4 8 13 15 29 38 42 43 51 60 61 74 84 91 96 108 110 159 162 180 210 215 231 281 425 435 505 633
25 10 11 12 13 21 25 26 29 33 35 49 50 71 90 99 107 119 131 152 160 406 422 597 606 1010 1080 1152 1948 3535
26 19 20 21 31 34 37 40 46 51 54 56 68 83 86 106 121 147 169 210 255 399 401 475 506 585 715 971 1054 1123 2360 3349 4630
27 1 10 11 13 21 23 29 32 33 45 49 50 54 74 101 119 126 128 131 136 292 352 375 457 502 845 947 1424
28 7 10 13 22 23 26 28 39 40 52 55 56 63 64 66 75 76 77 82 104 114 120 139 142 153 179 229 269 341 374 641 2665
29 0 8 12 15 16 17 23 24 26 27 33 34 42 48 49 57 59 66 75 90 91 118 119 129 140 148 208 232 491 907 1052
30 1 3 6 9 11 12 13 14 25 27 35 47 49 50 63 83 90 92 95 113 120 160 161 173 190 250 278 282 470 1027 1080
31 4 12 15 16 17 30 31 34 44 46 52 58 65 69 72 82 92 99 100 103 124 127 172 218 220 293 308 609 1311 1484 2201 3403
32 3 7 19 20 36 37 40 41 54 66 68 70 77 89 101 105 114 121 125 143 147 169 170 182 225 248 268 360 546 715
33 3 5 8 12 13 16 20 36 37 38 41 42 45 49 50 54 65 73 78 93 96 102 110 112 131 134 137 138 145 146 150 155 194 247 252 253 341 494 565 625 1983
34 3 4 32 35 44 51 70 73 78 92 95 99 101 128 137 144 168 171 175 196 244 254 264 294 325 381 412 460 720 760
35 18 26 59 60 62 64 66 76 84 85 110 116 119 129 132 152 160 168 235 375 652 742 779 891 1623 1843 1863 1956 2132 2195
36 0 10 25 29 34 42 45 49 54 58 67 74 83 119 128 135 154 172 178 179 244 261 292 318 325 352 390 987 2282
37 1 3 5 13 26 29 50 87 92 97 105 106 108 120 122 125 130 159 166 176 179 253 257 302 447 470 774 1073 2334
38 1 11 18 28 31 38 39 43 44 56 59 69 75 81 83 84 116 122 142 176 179 215 226 231 253 287 298 378 410 422 666
39 1 3 13 18 19 20 21 29 38 45 50 51 60 64 68 86 97 106 112 120 121 130 169 179 182 205 248 255 257 316 715
40 4 6 8 9 12 15 24 27 36 55 60 61 62 72 91 93 100 136 158 161 187 243 246 248 265 324 327 332 336 356 379 465 505 1434 3038 3317
41 4 6 8 9 10 15 24 25 55 61 62 70 72 74 76 84 91 100 110 124 136 138 158 161 162 187 194 213 236 243 251 328 356 798 1866
42 18 29 31 32 41 62 73 81 93 108 112 134 156 213 234 236 243 264 279 302 309 324 332 357 377 465 502 509 517 724 1428
43 11 12 16 22 33 34 36 53 64 65 66 80 81 87 110 111 112 125 127 139 142 156 161 178 205 218 220 230 726 837 5350
44 0 2 4 19 21 31 34 38 42 53 58 65 69 83 88 95 103 105 111 113 115 122 123 124 212 216 238 297 412 758 1909
45 0 5 14 15 17 20 22 28 31 34 43 46 47 48 55 60 61 73 79 88 100 104 117 128 146 177 185 203 272 354 455
46 3 5 12 19 20 29 36 47 49 55 68 70 77 87 88 94 96 104 121 137 138 140 164 165 186 212 355 478 502 641 1767
47 7 9 19 21 24 28 32 33 34 40 44 47 55 66 86 88 89 95 104 124 149 174 222 236 250 271 284 298 334 724 1011
48 25 27 30 37 57 58 62 67 69 80 92 98 109 116 154 188 194 214 253 298 347 358 599 718 764 826 871 1072 1119 1216 2193 3797
49 7 8 20 48 56 77 78 97 102 130 135 139 151 164 187 201 214 248 255 256 301 320 327 347 389 498 712 716 742 789 1002 1246 1379 1651 1953 2050 2196 4089
50 17 20 23 34 42 43 44 46 48 51 57 78 82 115 119 132 172 180 205 214 250 284 292 315 331 432 441 487 814 935 1001 1449 1729
51 16 18 19 20 21 23 42 51 64 67 68 78 83 95 106 132 154 160 193 205 211 239 292 306 308 405 521 777 907 1027 1880
52 38 41 43 44 51 102 110 128 131 134 137 148 149 150 154 155 170 196 234 253 256 264 347 431 435 602 610 612 625 687 1026 1610 1906 2385 4801 8740
53 11 14 16 18 19 21 36 38 39 41 45 53 54 68 69 71 77 79 83 121 126 143 154 177 178 198 216 224 268 305 322 340 371 391 926 1575 1665 9952
54 1 29 32 42 51 53 57 80 83 96 102 110 123 128 131 132 144 148 167 180 209 232 253 264 383 414 582 791 975 1150 1788 2078 2576
55 10 35 44 84 89 107 109 112 113 115 127 131 153 156 170 223 270 274 278 279 290 309 329 350 360 437 442 481 490 509 807
56 2 16 18 26 33 38 39 44 52 56 58 59 65 67 75 78 82 83 91 111 163 231 338 340 409 412 417 425 516 2024
57 3 5 9 11 12 14 16 17 19 23 34 42 49 68 83 90 96 124 137 140 141 143 159 184 250 297 331 425 646 655 1052 1260 1363 1752
58 3 7 8 17 21 24 26 28 38 50 59 61 72 81 85 86 90 93 94 114 129 131 138 139 150 160 163 247 256 265 318 455 513 1963
59 34 37 43 51 93 109 134 137 149 169 170 196 199 203 234 242 256 264 268 288 322 431 435 446 517 582 625 659 1038 2385 8365
60 3 20 29 37 57 59 62 64 97 98 101 112 116 118 119 120 129 130 147 165 170 173 257 323 356 401 454 546 562 1073 1841
61 1 10 11 25 29 35 45 50 58 71 74 81 85 94 95 107 126 131 139 152 160 172 226 230 250 253 264 292 318 462 1407 2169
62 22 31 38 43 44 59 69 97 103 105 111 122 142 181 183 205 218 224 241 289 294 323 338 347 376 612 651 1298 1902 4148
63 0 18 30 38 43 53 57 59 60 64 65 69 76 78 82 91 97 111 116 119 129 160 165 173 183 192 323 514
64 16 18 29 30 53 57 58 62 64 65 78 85 111 116 118 119 126 129 136 139 152 160 173 183 192 200 218 229 244 375 503 514 589 1582
65 0 9 12 32 33 35 62 73 76 81 87 88 96 110 112 115 128 131 156 157 159 169 170 220 238 246 291 331 344 351 485 837 1959
66 4 38 43 48 56 60 65 69 72 75 78 97 103 135 142 146 179 208 215 218 240 254 266 295 323 362 422 553 916 2014 7672
67 8 12 15 18 22 24 28 30 40 76 88 100 102 110 114 131 141 146 158 165 191 198 241 246 320 332 362 395 418 1080 1866 2096 2147 2430
68 13 21 26 27 38 39 51 56 59 60 64 69 75 82 97 116 118 142 145 176 181 208 210 214 227 231 321 351 553 2415 3790
69 30 32 34 73 88 89 102 112 115 128 131 137 148 153 154 167 170 181 223 250 256 288 323 349 465 481 485 659 707 825 848 880 948 1754 3577
70 7 18 25 40 41 65 67 81 85 94 95 97 102 124 135 149 155 157 168 178 195 199 202 240 255 286 295 314 328 390 412
71 4 6 8 9 24 28 52 63 70 72 76 110 124 134 138 158 167 185 187 194 213 215 243 246 251 252 289 332 380 490 1035 1296 1704 1866 2052
72 15 18 22 31 38 39 40 41 53 69 77 85 102 114 140 141 142 154 198 216 228 233 268 320 322 371 395 443 587 592 739 926 1391 2292 3140 4096 6755
73 9 17 24 26 28 33 42 47 74 75 97 99 104 110 124 133 134 163 164 184 185 227 252 300 330 335 366 545 745 751 1023 1554 1653 1866
74 1 8 27 28 29 32 38 51 56 59 74 96 104 122 130 132 148 176 178 179 180 181 197 209 214 215 232 264 287 318 321 422 619
75 28 32 39 46 51 52 56 75 82 104 111 118 145 181 197 214 215 254 287 298 316 422 553 619 762 916 1572 1815 3017 4241
76 10 13 25 35 50 54 62 92 93 98 102 107 109 128 131 170 181 192 195 207 223 229 250 276 288 331 461 462 606 1959
77 0 2 5 23 31 34 46 79 88 89 102 121 128 135 137 154 192 196 213 221 245 247 251 287 322 390 421 465 595 632 825 1401
78 7 10 37 44 46 67 71 81 82 84 95 105 108 115 127 149 153 156 197 202 219 229 249 268 296 329 350 391 404 442 455 509 1361 2240 4914
79 3 4 6 7 13 14 17 20 24 28 47 49 51 52 55 64 72 78 86 90 95 100 124 127 146 173 259 277 334 335 559
80 26 38 43 59 60 64 69 75 103 116 142 173 181 218 227 235 278 323 589 779 891 1515 1595 3175 5688
81 3 10 25 31 40 53 57 80 81 94 103 104 111 127 136 160 184 269 271 305 323 390 414 440 644 902 1566 3210
82 1 13 26 35 43 47 50 71 74 79 87 99 103 107 134 163 168 207 227 233 278 325 403 597 606 845 1010 1152 1350 1948
83 2 20 21 31 36 37 44 46 54 67 77 82 84 105 109 115 119 125 137 140 182 231 249 268 280 281 296 350 442 451 484 561 628 772 1489 5020
84 13 29 38 43 54 97 109 111 129 139 145 152 179 183 192 196 197 200 224 229 321 349 358 375 402 404 422 448 480 503 1156 1442 1506 2195 9566
85 4 7 39 41 43 48 53 60 64 65 70 72 77 79 82 89 122 135 142 151 206 221 228 293 343 376 414 417 431 443 546 552 739 855
86 4 6 8 24 26 59 72 91 158 160 162 168 173 187 234 258 278 299 313 324 327 328 332 342 406 409 415 446 589 890 891 2052 2195
87 7 14 26 29 43 60 63 65 71 79 97 103 116 117 134 135 138 139 162 166 173 178 180 199 278 286 302 406 503 539 589 637 891 953 1515
88 7 9 10 28 32 39 74 75 80 104 108 111 118 132 142 148 174 187 209 214 215 234 254 265 327 356 477 762 902 1932
89 1 11 21 23 32 49 67 68 83 95 113 120 130 133 135 144 148 167 169 194 239 277 282 300 337 527 861 1627
90 7 11 21 37 40 66 67 68 85 101 102 105 130 132 135 141 143 148 217 222 232 264 301 399 549 557 590 842 1106 2078 2360
91 15 16 24 25 33 36 39 40 53 69 81 85 86 93 94 114 124 136 140 141 204 363 390 440 587 1147 1620 3140
92 0 9 18 20 29 32 33 42 65 67 80 96 110 130 134 135 146 178 180 189 199 208 246 264 337 402 460 544 978 1459
93 2 3 20 23 34 40 41 54 68 86 106 112 121 125 137 159 170 172 210 248 255 292 364 399 401 498 799 3349
94 1 2 8 9 10 11 18 32 44 52 58 74 83 85 91 123 131 132 133 135 138 171 180 187 193 213 217 269 301 309 315 318 332 338 502 554 1000
95 0 2 9 12 16 18 19 21 23 30 33 45 48 50 62 66 80 81 88 90 95 96 117 119 124 145 154 178 189 199 230 240 245 277 538 539
96 1 7 11 13 35 41 47 50 77 84 89 92 113 120 153 164 169 182 190 197 202 212 216 219 231 245 259 309 329 513 601 660 715 1027
97 3 16 27 31 40 47 48 58 62 64 66 69 78 81 92 93 96 103 105 161 168 173 193 198 216 220 240 242 253 301 352 658 964
98 26 27 43 53 57 58 59 60 64 65 77 78 79 85 92 97 105 116 136 139 152 155 173 179 218 228 258 286 308 323 519 546
99 27 28 56 85 96 103 104 128 132 148 150 168 178 179 190 208 214 215 282 287 307 318 351 352 362 390 797 804 940 1442 1706 2883
